2021-11-08 09:12:31.907 [main] INFO  com.example.netty.netty.NettyApplication - Starting NettyApplication using Java 1.8.0_291 on DESKTOP-RM4JGV6 with PID 9900 (D:\baoxin\project\930nety\nettySoket\target\classes started by RunWsh in D:\baoxin\project\930nety\nettySoket)
2021-11-08 09:12:31.922 [main] DEBUG com.example.netty.netty.NettyApplication - Running with Spring Boot v2.4.4, Spring v5.3.5
2021-11-08 09:12:31.922 [main] INFO  com.example.netty.netty.NettyApplication - The following profiles are active: prd
2021-11-08 09:12:33.519 [main] WARN  org.thymeleaf.templatemode.TemplateMode - [THYMELEAF][main] Template Mode 'HTML5' is deprecated. Using Template Mode 'HTML' instead.
2021-11-08 09:12:33.672 [main] INFO  com.example.netty.netty.NettyApplication - Started NettyApplication in 2.234 seconds (JVM running for 3.615)
2021-11-08 09:12:33.674 [main] DEBUG com.example.netty.netty.NettyApplication - debug Log!!!!!!
2021-11-08 09:12:33.674 [main] INFO  com.example.netty.netty.NettyApplication - info Log!!!!!!
2021-11-08 09:12:33.674 [main] WARN  com.example.netty.netty.NettyApplication - warn Log!!!!!!
2021-11-08 09:12:33.674 [main] ERROR com.example.netty.netty.NettyApplication - error Log!!!!!!
2021-11-08 09:13:19.888 [nioEventLoopGroup-5-1] INFO  com.example.netty.netty.NettyApplication - ID：70
2021-11-08 09:13:19.889 [nioEventLoopGroup-5-1] INFO  com.example.netty.netty.NettyApplication - 客户端发送: ##1077QN=20211108090600919;ST=22;CN=2082;MN=31011300010013;CP=&&DataTime=20211108090500;DATState=8;a21048-Avg=0.00809,a21048-Flag=N;a21026-Avg=0.00741,a21026-Flag=N;a21049-Avg=0.00656,a21049-Flag=N;a21050-Avg=0.01793,a21050-Flag=N;a21051-Avg=0.028,a21051-Flag=N;a21003-Avg=0.00601,a21003-Flag=N;a21004-Avg=0.01643,a21004-Flag=N;a21002-Avg=0.02565,a21002-Flag=N;a21052-Avg=0.50625,a21052-Flag=N;a21005-Avg=0.46378,a21005-Flag=N;a05025-Avg=0.05608,a05025-Flag=N;a05024-Avg=0.05137,a05024-Flag=N;a01001-Avg=5.982,a01001-Flag=N;a01070-Avg=5.982,a01070-Flag=N;a01074-Avg=58.309,a01074-Flag=N;a01002-Avg=58.309,a01002-Flag=N;a01072-Avg=1028.449,a01072-Flag=N;a01006-Avg=1028.195,a01006-Flag=N;a34085-Avg=0.01258,a34085-Flag=N;a34053-Avg=0.01197,a34053-Flag=N;a34054-Avg=-0.00053,a34054-Flag=N;a34050-Avg=0.01251,a34050-Flag=N;a01071-Avg=6.247,a01071-Flag=N;a01075-Avg=59.503,a01075-Flag=N;a01073-Avg=1028.449,a01073-Flag=N;a34084-Avg=0.02703,a34084-Flag=N;a34002-Avg=0.02682,a34002-Flag=N;a05001-Avg=376.51,a05001-Flag=N;a01007-Avg=2.79887,a01007-Flag=N;a01008-Avg=259.1939,a01008-Flag=N&&6840
2021-11-08 09:13:19.906 [nioEventLoopGroup-5-1] INFO  com.example.netty.netty.NettyApplication - 发送应答报文:##0041ST=91;CN=2082;CP=&&QN=20211108090600919&&736F成功!
2021-11-08 09:13:19.906 [nioEventLoopGroup-5-1] INFO  com.example.netty.netty.NettyApplication - 发送应答报文:##0041ST=91;CN=2082;CP=&&QN=20211108090600919&&736F成功!
2021-11-08 09:13:19.906 [nioEventLoopGroup-5-1] INFO  com.example.netty.netty.NettyApplication - 上传31服务器-数据中心的数据:[DQ8908,8908052001,0.5,1,2021-11-08 09:05:00;, DQ8908,8908050901,260.194,1,2021-11-08 09:05:00;, DQ8908,8908050301,0.016,1,2021-11-08 09:05:00;, DQ8908,8908051001,2.799,1,2021-11-08 09:05:00;, DQ8908,8908050201,0.006,1,2021-11-08 09:05:00;, DQ8908,8908051301,1028.195,1,2021-11-08 09:05:00;, DQ8908,8908050401,0.026,1,2021-11-08 09:05:00;, DQ8908,8908051501,0.027,1,2021-11-08 09:05:00;, DQ8908,8908050701,0.007,1,2021-11-08 09:05:00;, DQ8908,8908051201,58.309,1,2021-11-08 09:05:00;, DQ8908,8908051101,6.982,1,2021-11-08 09:05:00;, DQ8908,890805null01,0.012,1,2021-11-08 09:05:00;, DQ8908,8908050501,0.051,1,2021-11-08 09:05:00;, DQ8908,890805null01,0.013,1,2021-11-08 09:05:00;]
2021-11-08 09:13:19.906 [nioEventLoopGroup-5-1] DEBUG com.example.netty.netty.NettyApplication - [Ljava.lang.String;@53d3fe26
2021-11-08 09:13:37.016 [nioEventLoopGroup-5-1] INFO  com.example.netty.netty.NettyApplication - 新环保局(杨行)空气站上传31服务器数据:
2021-11-08 09:13:37.017 [nioEventLoopGroup-5-1] DEBUG com.example.netty.netty.NettyApplication - {"dataList":[{"val":"0.5","dataTime":"2021-11-08 09:05:00","tagId":2041,"state":"1","nodeId":40003,"oPState":3},{"val":"260.194","dataTime":"2021-11-08 09:05:00","tagId":2045,"state":"1","nodeId":40003,"oPState":3},{"val":"0.016","dataTime":"2021-11-08 09:05:00","tagId":2038,"state":"1","nodeId":40003,"oPState":3},{"val":"2.799","dataTime":"2021-11-08 09:05:00","tagId":2046,"state":"1","nodeId":40003,"oPState":3},{"val":"0.006","dataTime":"2021-11-08 09:05:00","tagId":2040,"state":"1","nodeId":40003,"oPState":3},{"val":"1028.195","dataTime":"2021-11-08 09:05:00","tagId":2049,"state":"1","nodeId":40003,"oPState":3},{"val":"0.026","dataTime":"2021-11-08 09:05:00","tagId":2039,"state":"1","nodeId":40003,"oPState":3},{"val":"0.027","dataTime":"2021-11-08 09:05:00","tagId":2043,"state":"1","nodeId":40003,"oPState":3},{"val":"0.007","dataTime":"2021-11-08 09:05:00","tagId":2037,"state":"1","nodeId":40003,"oPState":3},{"val":"58.309","dataTime":"2021-11-08 09:05:00","tagId":2048,"state":"1","nodeId":40003,"oPState":3},{"val":"6.982","dataTime":"2021-11-08 09:05:00","tagId":2047,"state":"1","nodeId":40003,"oPState":3},{"val":"0.051","dataTime":"2021-11-08 09:05:00","tagId":2042,"state":"1","nodeId":40003,"oPState":3}]}
2021-11-08 09:15:13.005 [main] INFO  com.example.netty.netty.NettyApplication - Starting NettyApplication using Java 1.8.0_291 on DESKTOP-RM4JGV6 with PID 8252 (D:\baoxin\project\930nety\nettySoket\target\classes started by RunWsh in D:\baoxin\project\930nety\nettySoket)
2021-11-08 09:15:13.006 [main] DEBUG com.example.netty.netty.NettyApplication - Running with Spring Boot v2.4.4, Spring v5.3.5
2021-11-08 09:15:13.006 [main] INFO  com.example.netty.netty.NettyApplication - The following profiles are active: prd
2021-11-08 09:15:14.539 [main] WARN  org.thymeleaf.templatemode.TemplateMode - [THYMELEAF][main] Template Mode 'HTML5' is deprecated. Using Template Mode 'HTML' instead.
2021-11-08 09:15:14.660 [main] INFO  com.example.netty.netty.NettyApplication - Started NettyApplication in 2.16 seconds (JVM running for 2.978)
2021-11-08 09:15:14.662 [main] DEBUG com.example.netty.netty.NettyApplication - debug Log!!!!!!
2021-11-08 09:15:14.662 [main] INFO  com.example.netty.netty.NettyApplication - info Log!!!!!!
2021-11-08 09:15:14.662 [main] WARN  com.example.netty.netty.NettyApplication - warn Log!!!!!!
2021-11-08 09:15:14.662 [main] ERROR com.example.netty.netty.NettyApplication - error Log!!!!!!
2021-11-08 09:15:20.382 [nioEventLoopGroup-5-1] INFO  com.example.netty.netty.NettyApplication - ID：68
2021-11-08 09:15:20.382 [nioEventLoopGroup-5-1] INFO  com.example.netty.netty.NettyApplication - 客户端发送: ##1077QN=20211108090600919;ST=22;CN=2082;MN=31011300010013;CP=&&DataTime=20211108090500;DATState=8;a21048-Avg=0.00809,a21048-Flag=N;a21026-Avg=0.00741,a21026-Flag=N;a21049-Avg=0.00656,a21049-Flag=N;a21050-Avg=0.01793,a21050-Flag=N;a21051-Avg=0.028,a21051-Flag=N;a21003-Avg=0.00601,a21003-Flag=N;a21004-Avg=0.01643,a21004-Flag=N;a21002-Avg=0.02565,a21002-Flag=N;a21052-Avg=0.50625,a21052-Flag=N;a21005-Avg=0.46378,a21005-Flag=N;a05025-Avg=0.05608,a05025-Flag=N;a05024-Avg=0.05137,a05024-Flag=N;a01001-Avg=5.982,a01001-Flag=N;a01070-Avg=5.982,a01070-Flag=N;a01074-Avg=58.309,a01074-Flag=N;a01002-Avg=58.309,a01002-Flag=N;a01072-Avg=1028.449,a01072-Flag=N;a01006-Avg=1028.195,a01006-Flag=N;a34085-Avg=0.01258,a34085-Flag=N;a34053-Avg=0.01197,a34053-Flag=N;a34054-Avg=-0.00053,a34054-Flag=N;a34050-Avg=0.01251,a34050-Flag=N;a01071-Avg=6.247,a01071-Flag=N;a01075-Avg=59.503,a01075-Flag=N;a01073-Avg=1028.449,a01073-Flag=N;a34084-Avg=0.02703,a34084-Flag=N;a34002-Avg=0.02682,a34002-Flag=N;a05001-Avg=376.51,a05001-Flag=N;a01007-Avg=2.79887,a01007-Flag=N;a01008-Avg=259.1939,a01008-Flag=N&&6840
2021-11-08 09:15:20.398 [nioEventLoopGroup-5-1] INFO  com.example.netty.netty.NettyApplication - 发送应答报文:##0041ST=91;CN=2082;CP=&&QN=20211108090600919&&736F成功!
2021-11-08 09:15:20.398 [nioEventLoopGroup-5-1] INFO  com.example.netty.netty.NettyApplication - 发送应答报文:##0041ST=91;CN=2082;CP=&&QN=20211108090600919&&736F成功!
2021-11-08 09:15:20.398 [nioEventLoopGroup-5-1] INFO  com.example.netty.netty.NettyApplication - 上传31服务器-数据中心的数据:[DQ8908,8908052001,0.5,1,2021-11-08 09:05:00;, DQ8908,8908050901,260.194,1,2021-11-08 09:05:00;, DQ8908,8908050301,0.016,1,2021-11-08 09:05:00;, DQ8908,8908051001,2.799,1,2021-11-08 09:05:00;, DQ8908,8908050201,0.006,1,2021-11-08 09:05:00;, DQ8908,8908051301,1028.195,1,2021-11-08 09:05:00;, DQ8908,8908050401,0.026,1,2021-11-08 09:05:00;, DQ8908,8908051501,0.027,1,2021-11-08 09:05:00;, DQ8908,8908050701,0.007,1,2021-11-08 09:05:00;, DQ8908,8908051201,58.309,1,2021-11-08 09:05:00;, DQ8908,8908051101,6.982,1,2021-11-08 09:05:00;, DQ8908,890805null01,0.012,1,2021-11-08 09:05:00;, DQ8908,8908050501,0.051,1,2021-11-08 09:05:00;, DQ8908,890805a3405001,0.013,1,2021-11-08 09:05:00;]
2021-11-08 09:15:20.399 [nioEventLoopGroup-5-1] DEBUG com.example.netty.netty.NettyApplication - [Ljava.lang.String;@2bcc1a3b
2021-11-08 09:15:32.612 [http-nio-9001-exec-7] WARN  org.springframework.web.servlet.PageNotFound - No mapping for GET /favicon.ico
2021-11-08 09:15:37.176 [nioEventLoopGroup-5-1] INFO  com.example.netty.netty.NettyApplication - 新环保局(杨行)空气站上传31服务器数据:
2021-11-08 09:15:37.177 [nioEventLoopGroup-5-1] DEBUG com.example.netty.netty.NettyApplication - {"dataList":[{"val":"0.5","dataTime":"2021-11-08 09:05:00","tagId":2041,"state":"1","nodeId":40003,"oPState":3},{"val":"260.194","dataTime":"2021-11-08 09:05:00","tagId":2045,"state":"1","nodeId":40003,"oPState":3},{"val":"0.016","dataTime":"2021-11-08 09:05:00","tagId":2038,"state":"1","nodeId":40003,"oPState":3},{"val":"2.799","dataTime":"2021-11-08 09:05:00","tagId":2046,"state":"1","nodeId":40003,"oPState":3},{"val":"0.006","dataTime":"2021-11-08 09:05:00","tagId":2040,"state":"1","nodeId":40003,"oPState":3},{"val":"1028.195","dataTime":"2021-11-08 09:05:00","tagId":2049,"state":"1","nodeId":40003,"oPState":3},{"val":"0.026","dataTime":"2021-11-08 09:05:00","tagId":2039,"state":"1","nodeId":40003,"oPState":3},{"val":"0.027","dataTime":"2021-11-08 09:05:00","tagId":2043,"state":"1","nodeId":40003,"oPState":3},{"val":"0.007","dataTime":"2021-11-08 09:05:00","tagId":2037,"state":"1","nodeId":40003,"oPState":3},{"val":"58.309","dataTime":"2021-11-08 09:05:00","tagId":2048,"state":"1","nodeId":40003,"oPState":3},{"val":"6.982","dataTime":"2021-11-08 09:05:00","tagId":2047,"state":"1","nodeId":40003,"oPState":3},{"val":"0.051","dataTime":"2021-11-08 09:05:00","tagId":2042,"state":"1","nodeId":40003,"oPState":3}]}
2021-11-08 09:26:02.518 [main] INFO  com.example.netty.netty.NettyApplication - Starting NettyApplication using Java 1.8.0_291 on DESKTOP-RM4JGV6 with PID 11968 (D:\baoxin\project\930nety\nettySoket\target\classes started by RunWsh in D:\baoxin\project\930nety\nettySoket)
2021-11-08 09:26:02.519 [main] DEBUG com.example.netty.netty.NettyApplication - Running with Spring Boot v2.4.4, Spring v5.3.5
2021-11-08 09:26:02.520 [main] INFO  com.example.netty.netty.NettyApplication - The following profiles are active: prd
2021-11-08 09:26:03.967 [main] WARN  org.thymeleaf.templatemode.TemplateMode - [THYMELEAF][main] Template Mode 'HTML5' is deprecated. Using Template Mode 'HTML' instead.
2021-11-08 09:26:04.118 [main] INFO  com.example.netty.netty.NettyApplication - Started NettyApplication in 2.067 seconds (JVM running for 3.008)
2021-11-08 09:26:04.120 [main] DEBUG com.example.netty.netty.NettyApplication - debug Log!!!!!!
2021-11-08 09:26:04.120 [main] INFO  com.example.netty.netty.NettyApplication - info Log!!!!!!
2021-11-08 09:26:04.120 [main] WARN  com.example.netty.netty.NettyApplication - warn Log!!!!!!
2021-11-08 09:26:04.120 [main] ERROR com.example.netty.netty.NettyApplication - error Log!!!!!!
2021-11-08 09:26:06.507 [nioEventLoopGroup-5-1] INFO  com.example.netty.netty.NettyApplication - ID：67
2021-11-08 09:26:06.508 [nioEventLoopGroup-5-1] INFO  com.example.netty.netty.NettyApplication - 客户端发送: ##1077QN=20211108090600919;ST=22;CN=2082;MN=31011300010013;CP=&&DataTime=20211108090500;DATState=8;a21048-Avg=0.00809,a21048-Flag=N;a21026-Avg=0.00741,a21026-Flag=N;a21049-Avg=0.00656,a21049-Flag=N;a21050-Avg=0.01793,a21050-Flag=N;a21051-Avg=0.028,a21051-Flag=N;a21003-Avg=0.00601,a21003-Flag=N;a21004-Avg=0.01643,a21004-Flag=N;a21002-Avg=0.02565,a21002-Flag=N;a21052-Avg=0.50625,a21052-Flag=N;a21005-Avg=0.46378,a21005-Flag=N;a05025-Avg=0.05608,a05025-Flag=N;a05024-Avg=0.05137,a05024-Flag=N;a01001-Avg=5.982,a01001-Flag=N;a01070-Avg=5.982,a01070-Flag=N;a01074-Avg=58.309,a01074-Flag=N;a01002-Avg=58.309,a01002-Flag=N;a01072-Avg=1028.449,a01072-Flag=N;a01006-Avg=1028.195,a01006-Flag=N;a34085-Avg=0.01258,a34085-Flag=N;a34053-Avg=0.01197,a34053-Flag=N;a34054-Avg=-0.00053,a34054-Flag=N;a34050-Avg=0.01251,a34050-Flag=N;a01071-Avg=6.247,a01071-Flag=N;a01075-Avg=59.503,a01075-Flag=N;a01073-Avg=1028.449,a01073-Flag=N;a34084-Avg=0.02703,a34084-Flag=N;a34002-Avg=0.02682,a34002-Flag=N;a05001-Avg=376.51,a05001-Flag=N;a01007-Avg=2.79887,a01007-Flag=N;a01008-Avg=259.1939,a01008-Flag=N&&6840
2021-11-08 09:26:06.524 [nioEventLoopGroup-5-1] INFO  com.example.netty.netty.NettyApplication - 发送应答报文:##0041ST=91;CN=2082;CP=&&QN=20211108090600919&&736F成功!
2021-11-08 09:26:06.524 [nioEventLoopGroup-5-1] INFO  com.example.netty.netty.NettyApplication - 发送应答报文:##0041ST=91;CN=2082;CP=&&QN=20211108090600919&&736F成功!
2021-11-08 09:26:06.524 [nioEventLoopGroup-5-1] INFO  com.example.netty.netty.NettyApplication - 上传31服务器-数据中心的数据:[DQ8908,8908052001,0.5,1,2021-11-08 09:05:00;, DQ8908,8908050901,260.194,1,2021-11-08 09:05:00;, DQ8908,8908050301,0.016,1,2021-11-08 09:05:00;, DQ8908,8908051001,2.799,1,2021-11-08 09:05:00;, DQ8908,8908050201,0.006,1,2021-11-08 09:05:00;, DQ8908,8908051301,1028.195,1,2021-11-08 09:05:00;, DQ8908,8908050401,0.026,1,2021-11-08 09:05:00;, DQ8908,8908051501,0.027,1,2021-11-08 09:05:00;, DQ8908,8908050701,0.007,1,2021-11-08 09:05:00;, DQ8908,8908051201,58.309,1,2021-11-08 09:05:00;, DQ8908,890805a3408501,0.013,1,2021-11-08 09:05:00;, DQ8908,8908051101,6.982,1,2021-11-08 09:05:00;, DQ8908,890805null01,0.012,1,2021-11-08 09:05:00;, DQ8908,8908050501,0.051,1,2021-11-08 09:05:00;, DQ8908,890805a3405001,0.013,1,2021-11-08 09:05:00;]
2021-11-08 09:26:06.524 [nioEventLoopGroup-5-1] DEBUG com.example.netty.netty.NettyApplication - [Ljava.lang.String;@6edba1fa
2021-11-08 09:26:23.233 [nioEventLoopGroup-5-1] INFO  com.example.netty.netty.NettyApplication - 新环保局(杨行)空气站上传31服务器数据:
2021-11-08 09:26:23.233 [nioEventLoopGroup-5-1] DEBUG com.example.netty.netty.NettyApplication - {"dataList":[{"val":"0.5","dataTime":"2021-11-08 09:05:00","tagId":2041,"state":"1","nodeId":40003,"oPState":3},{"val":"260.194","dataTime":"2021-11-08 09:05:00","tagId":2045,"state":"1","nodeId":40003,"oPState":3},{"val":"0.016","dataTime":"2021-11-08 09:05:00","tagId":2038,"state":"1","nodeId":40003,"oPState":3},{"val":"2.799","dataTime":"2021-11-08 09:05:00","tagId":2046,"state":"1","nodeId":40003,"oPState":3},{"val":"0.006","dataTime":"2021-11-08 09:05:00","tagId":2040,"state":"1","nodeId":40003,"oPState":3},{"val":"1028.195","dataTime":"2021-11-08 09:05:00","tagId":2049,"state":"1","nodeId":40003,"oPState":3},{"val":"0.026","dataTime":"2021-11-08 09:05:00","tagId":2039,"state":"1","nodeId":40003,"oPState":3},{"val":"0.027","dataTime":"2021-11-08 09:05:00","tagId":2043,"state":"1","nodeId":40003,"oPState":3},{"val":"0.007","dataTime":"2021-11-08 09:05:00","tagId":2037,"state":"1","nodeId":40003,"oPState":3},{"val":"58.309","dataTime":"2021-11-08 09:05:00","tagId":2048,"state":"1","nodeId":40003,"oPState":3},{"val":"6.982","dataTime":"2021-11-08 09:05:00","tagId":2047,"state":"1","nodeId":40003,"oPState":3},{"val":"0.051","dataTime":"2021-11-08 09:05:00","tagId":2042,"state":"1","nodeId":40003,"oPState":3}]}
2021-11-08 09:30:47.649 [main] INFO  com.example.netty.netty.NettyApplication - Starting NettyApplication using Java 1.8.0_291 on DESKTOP-RM4JGV6 with PID 10004 (D:\baoxin\project\930nety\nettySoket\target\classes started by RunWsh in D:\baoxin\project\930nety\nettySoket)
2021-11-08 09:30:47.650 [main] DEBUG com.example.netty.netty.NettyApplication - Running with Spring Boot v2.4.4, Spring v5.3.5
2021-11-08 09:30:47.650 [main] INFO  com.example.netty.netty.NettyApplication - The following profiles are active: prd
2021-11-08 09:30:49.038 [main] WARN  org.thymeleaf.templatemode.TemplateMode - [THYMELEAF][main] Template Mode 'HTML5' is deprecated. Using Template Mode 'HTML' instead.
2021-11-08 09:30:49.165 [main] INFO  com.example.netty.netty.NettyApplication - Started NettyApplication in 1.926 seconds (JVM running for 2.702)
2021-11-08 09:30:49.167 [main] DEBUG com.example.netty.netty.NettyApplication - debug Log!!!!!!
2021-11-08 09:30:49.167 [main] INFO  com.example.netty.netty.NettyApplication - info Log!!!!!!
2021-11-08 09:30:49.167 [main] WARN  com.example.netty.netty.NettyApplication - warn Log!!!!!!
2021-11-08 09:30:49.167 [main] ERROR com.example.netty.netty.NettyApplication - error Log!!!!!!
2021-11-08 09:30:56.921 [nioEventLoopGroup-5-1] INFO  com.example.netty.netty.NettyApplication - ID：67
2021-11-08 09:30:56.921 [nioEventLoopGroup-5-1] INFO  com.example.netty.netty.NettyApplication - 客户端发送: ##1077QN=20211108090600919;ST=22;CN=2082;MN=31011300010013;CP=&&DataTime=20211108090500;DATState=8;a21048-Avg=0.00809,a21048-Flag=N;a21026-Avg=0.00741,a21026-Flag=N;a21049-Avg=0.00656,a21049-Flag=N;a21050-Avg=0.01793,a21050-Flag=N;a21051-Avg=0.028,a21051-Flag=N;a21003-Avg=0.00601,a21003-Flag=N;a21004-Avg=0.01643,a21004-Flag=N;a21002-Avg=0.02565,a21002-Flag=N;a21052-Avg=0.50625,a21052-Flag=N;a21005-Avg=0.46378,a21005-Flag=N;a05025-Avg=0.05608,a05025-Flag=N;a05024-Avg=0.05137,a05024-Flag=N;a01001-Avg=5.982,a01001-Flag=N;a01070-Avg=5.982,a01070-Flag=N;a01074-Avg=58.309,a01074-Flag=N;a01002-Avg=58.309,a01002-Flag=N;a01072-Avg=1028.449,a01072-Flag=N;a01006-Avg=1028.195,a01006-Flag=N;a34085-Avg=0.01258,a34085-Flag=N;a34053-Avg=0.01197,a34053-Flag=N;a34054-Avg=-0.00053,a34054-Flag=N;a34050-Avg=0.01251,a34050-Flag=N;a01071-Avg=6.247,a01071-Flag=N;a01075-Avg=59.503,a01075-Flag=N;a01073-Avg=1028.449,a01073-Flag=N;a34084-Avg=0.02703,a34084-Flag=N;a34002-Avg=0.02682,a34002-Flag=N;a05001-Avg=376.51,a05001-Flag=N;a01007-Avg=2.79887,a01007-Flag=N;a01008-Avg=259.1939,a01008-Flag=N&&6840
2021-11-08 09:37:42.024 [nioEventLoopGroup-5-1] INFO  com.example.netty.netty.NettyApplication - 发送应答报文:##0041ST=91;CN=2082;CP=&&QN=20211108090600919&&736F成功!
2021-11-08 09:37:42.024 [nioEventLoopGroup-5-1] INFO  com.example.netty.netty.NettyApplication - 发送应答报文:##0041ST=91;CN=2082;CP=&&QN=20211108090600919&&736F成功!
2021-11-08 09:37:42.024 [nioEventLoopGroup-5-1] INFO  com.example.netty.netty.NettyApplication - 上传31服务器-数据中心的数据:[DQ8908,8908052001,0.5,1,2021-11-08 09:05:00;, DQ8908,8908050901,260.194,1,2021-11-08 09:05:00;, DQ8908,8908050301,0.016,1,2021-11-08 09:05:00;, DQ8908,8908051001,2.799,1,2021-11-08 09:05:00;, DQ8908,8908050201,0.006,1,2021-11-08 09:05:00;, DQ8908,8908051301,1028.195,1,2021-11-08 09:05:00;, DQ8908,8908050401,0.026,1,2021-11-08 09:05:00;, DQ8908,8908051501,0.027,1,2021-11-08 09:05:00;, DQ8908,8908050701,0.007,1,2021-11-08 09:05:00;, DQ8908,8908051201,58.309,1,2021-11-08 09:05:00;, DQ8908,890805a3408501,0.013,1,2021-11-08 09:05:00;, DQ8908,8908051101,6.982,1,2021-11-08 09:05:00;, DQ8908,890805null01,0.012,1,2021-11-08 09:05:00;, DQ8908,8908050501,0.051,1,2021-11-08 09:05:00;, DQ8908,890805a3405001,0.013,1,2021-11-08 09:05:00;]
2021-11-08 09:37:42.024 [nioEventLoopGroup-5-1] DEBUG com.example.netty.netty.NettyApplication - [Ljava.lang.String;@677cf540
2021-11-08 09:37:49.558 [main] INFO  com.example.netty.netty.NettyApplication - Starting NettyApplication using Java 1.8.0_291 on DESKTOP-RM4JGV6 with PID 5960 (D:\baoxin\project\930nety\nettySoket\target\classes started by RunWsh in D:\baoxin\project\930nety\nettySoket)
2021-11-08 09:37:49.559 [main] DEBUG com.example.netty.netty.NettyApplication - Running with Spring Boot v2.4.4, Spring v5.3.5
2021-11-08 09:37:49.559 [main] INFO  com.example.netty.netty.NettyApplication - The following profiles are active: prd
2021-11-08 09:37:50.989 [main] WARN  org.thymeleaf.templatemode.TemplateMode - [THYMELEAF][main] Template Mode 'HTML5' is deprecated. Using Template Mode 'HTML' instead.
2021-11-08 09:37:51.118 [main] INFO  com.example.netty.netty.NettyApplication - Started NettyApplication in 1.966 seconds (JVM running for 2.687)
2021-11-08 09:37:51.120 [main] DEBUG com.example.netty.netty.NettyApplication - debug Log!!!!!!
2021-11-08 09:37:51.120 [main] INFO  com.example.netty.netty.NettyApplication - info Log!!!!!!
2021-11-08 09:37:51.120 [main] WARN  com.example.netty.netty.NettyApplication - warn Log!!!!!!
2021-11-08 09:37:51.120 [main] ERROR com.example.netty.netty.NettyApplication - error Log!!!!!!
2021-11-08 09:37:55.563 [nioEventLoopGroup-5-1] INFO  com.example.netty.netty.NettyApplication - ID：67
2021-11-08 09:37:55.563 [nioEventLoopGroup-5-1] INFO  com.example.netty.netty.NettyApplication - 客户端发送: ##1077QN=20211108090600919;ST=22;CN=2082;MN=31011300010013;CP=&&DataTime=20211108090500;DATState=8;a21048-Avg=0.00809,a21048-Flag=N;a21026-Avg=0.00741,a21026-Flag=N;a21049-Avg=0.00656,a21049-Flag=N;a21050-Avg=0.01793,a21050-Flag=N;a21051-Avg=0.028,a21051-Flag=N;a21003-Avg=0.00601,a21003-Flag=N;a21004-Avg=0.01643,a21004-Flag=N;a21002-Avg=0.02565,a21002-Flag=N;a21052-Avg=0.50625,a21052-Flag=N;a21005-Avg=0.46378,a21005-Flag=N;a05025-Avg=0.05608,a05025-Flag=N;a05024-Avg=0.05137,a05024-Flag=N;a01001-Avg=5.982,a01001-Flag=N;a01070-Avg=5.982,a01070-Flag=N;a01074-Avg=58.309,a01074-Flag=N;a01002-Avg=58.309,a01002-Flag=N;a01072-Avg=1028.449,a01072-Flag=N;a01006-Avg=1028.195,a01006-Flag=N;a34085-Avg=0.01258,a34085-Flag=N;a34053-Avg=0.01197,a34053-Flag=N;a34054-Avg=-0.00053,a34054-Flag=N;a34050-Avg=0.01251,a34050-Flag=N;a01071-Avg=6.247,a01071-Flag=N;a01075-Avg=59.503,a01075-Flag=N;a01073-Avg=1028.449,a01073-Flag=N;a34084-Avg=0.02703,a34084-Flag=N;a34002-Avg=0.02682,a34002-Flag=N;a05001-Avg=376.51,a05001-Flag=N;a01007-Avg=2.79887,a01007-Flag=N;a01008-Avg=259.1939,a01008-Flag=N&&6840
2021-11-08 09:50:15.646 [nioEventLoopGroup-5-1] INFO  com.example.netty.netty.NettyApplication - 发送应答报文:##0041ST=91;CN=2082;CP=&&QN=20211108090600919&&736F成功!
2021-11-08 09:50:15.646 [nioEventLoopGroup-5-1] INFO  com.example.netty.netty.NettyApplication - 发送应答报文:##0041ST=91;CN=2082;CP=&&QN=20211108090600919&&736F成功!
2021-11-08 09:50:15.646 [nioEventLoopGroup-5-1] INFO  com.example.netty.netty.NettyApplication - 上传31服务器-数据中心的数据:[DQ8908,8908052001,0.5,1,2021-11-08 09:05:00;, DQ8908,8908050901,259.194,1,2021-11-08 09:05:00;, DQ8908,8908050301,0.016,1,2021-11-08 09:05:00;, DQ8908,8908051001,2.799,1,2021-11-08 09:05:00;, DQ8908,8908050201,0.006,1,2021-11-08 09:05:00;, DQ8908,8908051301,1028.195,1,2021-11-08 09:05:00;, DQ8908,8908050401,0.026,1,2021-11-08 09:05:00;, DQ8908,8908051501,0.027,1,2021-11-08 09:05:00;, DQ8908,8908050701,0.007,1,2021-11-08 09:05:00;, DQ8908,8908051201,58.309,1,2021-11-08 09:05:00;, DQ8908,890805a3408501,0.013,1,2021-11-08 09:05:00;, DQ8908,8908051101,5.982,1,2021-11-08 09:05:00;, DQ8908,890805null01,0.012,1,2021-11-08 09:05:00;, DQ8908,8908050501,0.051,1,2021-11-08 09:05:00;, DQ8908,890805a3405001,0.013,1,2021-11-08 09:05:00;]
2021-11-08 09:50:15.646 [nioEventLoopGroup-5-1] DEBUG com.example.netty.netty.NettyApplication - [Ljava.lang.String;@2d3dad6d
2021-11-08 09:50:22.612 [main] INFO  com.example.netty.netty.NettyApplication - Starting NettyApplication using Java 1.8.0_291 on DESKTOP-RM4JGV6 with PID 15856 (D:\baoxin\project\930nety\nettySoket\target\classes started by RunWsh in D:\baoxin\project\930nety\nettySoket)
2021-11-08 09:50:22.613 [main] DEBUG com.example.netty.netty.NettyApplication - Running with Spring Boot v2.4.4, Spring v5.3.5
2021-11-08 09:50:22.613 [main] INFO  com.example.netty.netty.NettyApplication - The following profiles are active: prd
2021-11-08 09:50:24.027 [main] WARN  org.thymeleaf.templatemode.TemplateMode - [THYMELEAF][main] Template Mode 'HTML5' is deprecated. Using Template Mode 'HTML' instead.
2021-11-08 09:50:24.152 [main] INFO  com.example.netty.netty.NettyApplication - Started NettyApplication in 1.939 seconds (JVM running for 2.627)
2021-11-08 09:50:24.154 [main] DEBUG com.example.netty.netty.NettyApplication - debug Log!!!!!!
2021-11-08 09:50:24.154 [main] INFO  com.example.netty.netty.NettyApplication - info Log!!!!!!
2021-11-08 09:50:24.154 [main] WARN  com.example.netty.netty.NettyApplication - warn Log!!!!!!
2021-11-08 09:50:24.154 [main] ERROR com.example.netty.netty.NettyApplication - error Log!!!!!!
2021-11-08 09:50:37.794 [nioEventLoopGroup-5-1] INFO  com.example.netty.netty.NettyApplication - ID：68
2021-11-08 09:50:37.794 [nioEventLoopGroup-5-1] INFO  com.example.netty.netty.NettyApplication - 客户端发送: ##1077QN=20211108090600919;ST=22;CN=2082;MN=31011300010013;CP=&&DataTime=20211108090500;DATState=8;a21048-Avg=0.00809,a21048-Flag=N;a21026-Avg=0.00741,a21026-Flag=N;a21049-Avg=0.00656,a21049-Flag=N;a21050-Avg=0.01793,a21050-Flag=N;a21051-Avg=0.028,a21051-Flag=N;a21003-Avg=0.00601,a21003-Flag=N;a21004-Avg=0.01643,a21004-Flag=N;a21002-Avg=0.02565,a21002-Flag=N;a21052-Avg=0.50625,a21052-Flag=N;a21005-Avg=0.46378,a21005-Flag=N;a05025-Avg=0.05608,a05025-Flag=N;a05024-Avg=0.05137,a05024-Flag=N;a01001-Avg=5.982,a01001-Flag=N;a01070-Avg=5.982,a01070-Flag=N;a01074-Avg=58.309,a01074-Flag=N;a01002-Avg=58.309,a01002-Flag=N;a01072-Avg=1028.449,a01072-Flag=N;a01006-Avg=1028.195,a01006-Flag=N;a34085-Avg=0.01258,a34085-Flag=N;a34053-Avg=0.01197,a34053-Flag=N;a34054-Avg=-0.00053,a34054-Flag=N;a34050-Avg=0.01251,a34050-Flag=N;a01071-Avg=6.247,a01071-Flag=N;a01075-Avg=59.503,a01075-Flag=N;a01073-Avg=1028.449,a01073-Flag=N;a34084-Avg=0.02703,a34084-Flag=N;a34002-Avg=0.02682,a34002-Flag=N;a05001-Avg=376.51,a05001-Flag=N;a01007-Avg=2.79887,a01007-Flag=N;a01008-Avg=259.1939,a01008-Flag=N&&6840
2021-11-08 09:50:45.121 [nioEventLoopGroup-5-1] INFO  com.example.netty.netty.NettyApplication - 发送应答报文:##0041ST=91;CN=2082;CP=&&QN=20211108090600919&&736F成功!
2021-11-08 09:50:45.122 [nioEventLoopGroup-5-1] INFO  com.example.netty.netty.NettyApplication - 发送应答报文:##0041ST=91;CN=2082;CP=&&QN=20211108090600919&&736F成功!
2021-11-08 09:50:45.122 [nioEventLoopGroup-5-1] INFO  com.example.netty.netty.NettyApplication - 上传31服务器-数据中心的数据:[DQ8908,8908052001,0.5,1,2021-11-08 09:05:00;, DQ8908,8908050901,259.194,1,2021-11-08 09:05:00;, DQ8908,8908050301,0.016,1,2021-11-08 09:05:00;, DQ8908,8908051001,2.799,1,2021-11-08 09:05:00;, DQ8908,8908050201,0.006,1,2021-11-08 09:05:00;, DQ8908,8908051301,1028.195,1,2021-11-08 09:05:00;, DQ8908,8908050401,0.026,1,2021-11-08 09:05:00;, DQ8908,8908051501,0.027,1,2021-11-08 09:05:00;, DQ8908,8908050701,0.007,1,2021-11-08 09:05:00;, DQ8908,8908051201,58.309,1,2021-11-08 09:05:00;, DQ8908,890805a3408501,0.013,1,2021-11-08 09:05:00;, DQ8908,8908051101,5.982,1,2021-11-08 09:05:00;, DQ8908,890805null01,0.012,1,2021-11-08 09:05:00;, DQ8908,8908050501,0.051,1,2021-11-08 09:05:00;, DQ8908,890805a3405001,0.013,1,2021-11-08 09:05:00;]
2021-11-08 09:50:45.122 [nioEventLoopGroup-5-1] DEBUG com.example.netty.netty.NettyApplication - [Ljava.lang.String;@29ac27d1
2021-11-08 09:51:01.869 [nioEventLoopGroup-5-1] INFO  com.example.netty.netty.NettyApplication - 新环保局(杨行)空气站上传31服务器数据:
2021-11-08 09:51:01.869 [nioEventLoopGroup-5-1] DEBUG com.example.netty.netty.NettyApplication - {"dataList":[{"val":"0.5","dataTime":"2021-11-08 09:05:00","tagId":2041,"state":"1","nodeId":40003,"oPState":3},{"val":"259.194","dataTime":"2021-11-08 09:05:00","tagId":2045,"state":"1","nodeId":40003,"oPState":3},{"val":"0.016","dataTime":"2021-11-08 09:05:00","tagId":2038,"state":"1","nodeId":40003,"oPState":3},{"val":"2.799","dataTime":"2021-11-08 09:05:00","tagId":2046,"state":"1","nodeId":40003,"oPState":3},{"val":"0.006","dataTime":"2021-11-08 09:05:00","tagId":2040,"state":"1","nodeId":40003,"oPState":3},{"val":"1028.195","dataTime":"2021-11-08 09:05:00","tagId":2049,"state":"1","nodeId":40003,"oPState":3},{"val":"0.026","dataTime":"2021-11-08 09:05:00","tagId":2039,"state":"1","nodeId":40003,"oPState":3},{"val":"0.027","dataTime":"2021-11-08 09:05:00","tagId":2043,"state":"1","nodeId":40003,"oPState":3},{"val":"0.007","dataTime":"2021-11-08 09:05:00","tagId":2037,"state":"1","nodeId":40003,"oPState":3},{"val":"58.309","dataTime":"2021-11-08 09:05:00","tagId":2048,"state":"1","nodeId":40003,"oPState":3},{"val":"5.982","dataTime":"2021-11-08 09:05:00","tagId":2047,"state":"1","nodeId":40003,"oPState":3},{"val":"0.051","dataTime":"2021-11-08 09:05:00","tagId":2042,"state":"1","nodeId":40003,"oPState":3}]}
2021-11-08 09:55:38.976 [main] INFO  com.example.netty.netty.NettyApplication - Starting NettyApplication using Java 1.8.0_291 on DESKTOP-RM4JGV6 with PID 13136 (D:\baoxin\project\930nety\nettySoket\target\classes started by RunWsh in D:\baoxin\project\930nety\nettySoket)
2021-11-08 09:55:38.977 [main] DEBUG com.example.netty.netty.NettyApplication - Running with Spring Boot v2.4.4, Spring v5.3.5
2021-11-08 09:55:38.977 [main] INFO  com.example.netty.netty.NettyApplication - The following profiles are active: prd
2021-11-08 09:55:40.660 [main] WARN  org.thymeleaf.templatemode.TemplateMode - [THYMELEAF][main] Template Mode 'HTML5' is deprecated. Using Template Mode 'HTML' instead.
2021-11-08 09:55:40.789 [main] INFO  com.example.netty.netty.NettyApplication - Started NettyApplication in 2.279 seconds (JVM running for 3.171)
2021-11-08 09:55:40.790 [main] DEBUG com.example.netty.netty.NettyApplication - debug Log!!!!!!
2021-11-08 09:55:40.790 [main] INFO  com.example.netty.netty.NettyApplication - info Log!!!!!!
2021-11-08 09:55:40.790 [main] WARN  com.example.netty.netty.NettyApplication - warn Log!!!!!!
2021-11-08 09:55:40.790 [main] ERROR com.example.netty.netty.NettyApplication - error Log!!!!!!
2021-11-08 09:55:46.188 [nioEventLoopGroup-5-1] INFO  com.example.netty.netty.NettyApplication - ID：68
2021-11-08 09:55:46.188 [nioEventLoopGroup-5-1] INFO  com.example.netty.netty.NettyApplication - 客户端发送: ##1077QN=20211108090600919;ST=22;CN=2082;MN=31011300010013;CP=&&DataTime=20211108090500;DATState=8;a21048-Avg=0.00809,a21048-Flag=N;a21026-Avg=0.00741,a21026-Flag=N;a21049-Avg=0.00656,a21049-Flag=N;a21050-Avg=0.01793,a21050-Flag=N;a21051-Avg=0.028,a21051-Flag=N;a21003-Avg=0.00601,a21003-Flag=N;a21004-Avg=0.01643,a21004-Flag=N;a21002-Avg=0.02565,a21002-Flag=N;a21052-Avg=0.50625,a21052-Flag=N;a21005-Avg=0.46378,a21005-Flag=N;a05025-Avg=0.05608,a05025-Flag=N;a05024-Avg=0.05137,a05024-Flag=N;a01001-Avg=5.982,a01001-Flag=N;a01070-Avg=5.982,a01070-Flag=N;a01074-Avg=58.309,a01074-Flag=N;a01002-Avg=58.309,a01002-Flag=N;a01072-Avg=1028.449,a01072-Flag=N;a01006-Avg=1028.195,a01006-Flag=N;a34085-Avg=0.01258,a34085-Flag=N;a34053-Avg=0.01197,a34053-Flag=N;a34054-Avg=-0.00053,a34054-Flag=N;a34050-Avg=0.01251,a34050-Flag=N;a01071-Avg=6.247,a01071-Flag=N;a01075-Avg=59.503,a01075-Flag=N;a01073-Avg=1028.449,a01073-Flag=N;a34084-Avg=0.02703,a34084-Flag=N;a34002-Avg=0.02682,a34002-Flag=N;a05001-Avg=376.51,a05001-Flag=N;a01007-Avg=2.79887,a01007-Flag=N;a01008-Avg=259.1939,a01008-Flag=N&&6840
2021-11-08 09:55:46.205 [nioEventLoopGroup-5-1] INFO  com.example.netty.netty.NettyApplication - 发送应答报文:##0041ST=91;CN=2082;CP=&&QN=20211108090600919&&736F成功!
2021-11-08 09:55:46.205 [nioEventLoopGroup-5-1] INFO  com.example.netty.netty.NettyApplication - 发送应答报文:##0041ST=91;CN=2082;CP=&&QN=20211108090600919&&736F成功!
2021-11-08 09:55:46.205 [nioEventLoopGroup-5-1] INFO  com.example.netty.netty.NettyApplication - 上传31服务器-数据中心的数据:[DQ8908,8908052001,0.5,1,2021-11-08 09:05:00;, DQ8908,8908050901,259.194,1,2021-11-08 09:05:00;, DQ8908,8908050301,0.016,1,2021-11-08 09:05:00;, DQ8908,8908051001,2.799,1,2021-11-08 09:05:00;, DQ8908,8908050201,0.006,1,2021-11-08 09:05:00;, DQ8908,8908051301,1028.195,1,2021-11-08 09:05:00;, DQ8908,8908050401,0.026,1,2021-11-08 09:05:00;, DQ8908,8908051501,0.027,1,2021-11-08 09:05:00;, DQ8908,8908050701,0.007,1,2021-11-08 09:05:00;, DQ8908,8908051201,58.309,1,2021-11-08 09:05:00;, DQ8908,890805a3408501,0.013,1,2021-11-08 09:05:00;, DQ8908,8908051101,5.982,1,2021-11-08 09:05:00;, DQ8908,890805null01,0.012,1,2021-11-08 09:05:00;, DQ8908,8908050501,0.051,1,2021-11-08 09:05:00;, DQ8908,890805a2105001,0.018,1,2021-11-08 09:05:00;, DQ8908,890805a3405001,0.013,1,2021-11-08 09:05:00;]
2021-11-08 09:55:46.205 [nioEventLoopGroup-5-1] DEBUG com.example.netty.netty.NettyApplication - [Ljava.lang.String;@15b19f4
2021-11-08 09:56:02.933 [nioEventLoopGroup-5-1] INFO  com.example.netty.netty.NettyApplication - 新环保局(杨行)空气站上传31服务器数据:
2021-11-08 09:56:02.934 [nioEventLoopGroup-5-1] DEBUG com.example.netty.netty.NettyApplication - {"dataList":[{"val":"0.5","dataTime":"2021-11-08 09:05:00","tagId":2041,"state":"1","nodeId":40003,"oPState":3},{"val":"259.194","dataTime":"2021-11-08 09:05:00","tagId":2045,"state":"1","nodeId":40003,"oPState":3},{"val":"0.016","dataTime":"2021-11-08 09:05:00","tagId":2038,"state":"1","nodeId":40003,"oPState":3},{"val":"2.799","dataTime":"2021-11-08 09:05:00","tagId":2046,"state":"1","nodeId":40003,"oPState":3},{"val":"0.006","dataTime":"2021-11-08 09:05:00","tagId":2040,"state":"1","nodeId":40003,"oPState":3},{"val":"1028.195","dataTime":"2021-11-08 09:05:00","tagId":2049,"state":"1","nodeId":40003,"oPState":3},{"val":"0.026","dataTime":"2021-11-08 09:05:00","tagId":2039,"state":"1","nodeId":40003,"oPState":3},{"val":"0.027","dataTime":"2021-11-08 09:05:00","tagId":2043,"state":"1","nodeId":40003,"oPState":3},{"val":"0.007","dataTime":"2021-11-08 09:05:00","tagId":2037,"state":"1","nodeId":40003,"oPState":3},{"val":"58.309","dataTime":"2021-11-08 09:05:00","tagId":2048,"state":"1","nodeId":40003,"oPState":3},{"val":"5.982","dataTime":"2021-11-08 09:05:00","tagId":2047,"state":"1","nodeId":40003,"oPState":3},{"val":"0.051","dataTime":"2021-11-08 09:05:00","tagId":2042,"state":"1","nodeId":40003,"oPState":3}]}
2021-11-08 09:57:31.999 [main] INFO  com.example.netty.netty.NettyApplication - Starting NettyApplication using Java 1.8.0_291 on DESKTOP-RM4JGV6 with PID 7272 (D:\baoxin\project\930nety\nettySoket\target\classes started by RunWsh in D:\baoxin\project\930nety\nettySoket)
2021-11-08 09:57:32.000 [main] DEBUG com.example.netty.netty.NettyApplication - Running with Spring Boot v2.4.4, Spring v5.3.5
2021-11-08 09:57:32.000 [main] INFO  com.example.netty.netty.NettyApplication - The following profiles are active: prd
2021-11-08 09:57:33.374 [main] WARN  org.thymeleaf.templatemode.TemplateMode - [THYMELEAF][main] Template Mode 'HTML5' is deprecated. Using Template Mode 'HTML' instead.
2021-11-08 09:57:33.496 [main] INFO  com.example.netty.netty.NettyApplication - Started NettyApplication in 1.887 seconds (JVM running for 2.561)
2021-11-08 09:57:33.498 [main] DEBUG com.example.netty.netty.NettyApplication - debug Log!!!!!!
2021-11-08 09:57:33.498 [main] INFO  com.example.netty.netty.NettyApplication - info Log!!!!!!
2021-11-08 09:57:33.498 [main] WARN  com.example.netty.netty.NettyApplication - warn Log!!!!!!
2021-11-08 09:57:33.498 [main] ERROR com.example.netty.netty.NettyApplication - error Log!!!!!!
2021-11-08 09:57:47.491 [nioEventLoopGroup-5-1] INFO  com.example.netty.netty.NettyApplication - ID：66
2021-11-08 09:57:47.491 [nioEventLoopGroup-5-1] INFO  com.example.netty.netty.NettyApplication - 客户端发送: ##1077QN=20211108090600919;ST=22;CN=2082;MN=31011300010013;CP=&&DataTime=20211108090500;DATState=8;a21048-Avg=0.00809,a21048-Flag=N;a21026-Avg=0.00741,a21026-Flag=N;a21049-Avg=0.00656,a21049-Flag=N;a21050-Avg=0.01793,a21050-Flag=N;a21051-Avg=0.028,a21051-Flag=N;a21003-Avg=0.00601,a21003-Flag=N;a21004-Avg=0.01643,a21004-Flag=N;a21002-Avg=0.02565,a21002-Flag=N;a21052-Avg=0.50625,a21052-Flag=N;a21005-Avg=0.46378,a21005-Flag=N;a05025-Avg=0.05608,a05025-Flag=N;a05024-Avg=0.05137,a05024-Flag=N;a01001-Avg=5.982,a01001-Flag=N;a01070-Avg=5.982,a01070-Flag=N;a01074-Avg=58.309,a01074-Flag=N;a01002-Avg=58.309,a01002-Flag=N;a01072-Avg=1028.449,a01072-Flag=N;a01006-Avg=1028.195,a01006-Flag=N;a34085-Avg=0.01258,a34085-Flag=N;a34053-Avg=0.01197,a34053-Flag=N;a34054-Avg=-0.00053,a34054-Flag=N;a34050-Avg=0.01251,a34050-Flag=N;a01071-Avg=6.247,a01071-Flag=N;a01075-Avg=59.503,a01075-Flag=N;a01073-Avg=1028.449,a01073-Flag=N;a34084-Avg=0.02703,a34084-Flag=N;a34002-Avg=0.02682,a34002-Flag=N;a05001-Avg=376.51,a05001-Flag=N;a01007-Avg=2.79887,a01007-Flag=N;a01008-Avg=259.1939,a01008-Flag=N&&6840
2021-11-08 09:57:47.507 [nioEventLoopGroup-5-1] INFO  com.example.netty.netty.NettyApplication - 发送应答报文:##0041ST=91;CN=2082;CP=&&QN=20211108090600919&&736F成功!
2021-11-08 09:57:47.507 [nioEventLoopGroup-5-1] INFO  com.example.netty.netty.NettyApplication - 发送应答报文:##0041ST=91;CN=2082;CP=&&QN=20211108090600919&&736F成功!
2021-11-08 09:57:47.507 [nioEventLoopGroup-5-1] INFO  com.example.netty.netty.NettyApplication - 上传31服务器-数据中心的数据:[DQ8908,8908052001,0.5,1,2021-11-08 09:05:00;, DQ8908,8908050901,259.194,1,2021-11-08 09:05:00;, DQ8908,8908050301,0.016,1,2021-11-08 09:05:00;, DQ8908,8908051001,2.799,1,2021-11-08 09:05:00;, DQ8908,8908050201,0.006,1,2021-11-08 09:05:00;, DQ8908,8908051301,1028.195,1,2021-11-08 09:05:00;, DQ8908,8908050401,0.026,1,2021-11-08 09:05:00;, DQ8908,8908051501,0.027,1,2021-11-08 09:05:00;, DQ8908,8908050701,0.007,1,2021-11-08 09:05:00;, DQ8908,8908051201,58.309,1,2021-11-08 09:05:00;, DQ8908,890805a3408501,0.013,1,2021-11-08 09:05:00;, DQ8908,8908051101,5.982,1,2021-11-08 09:05:00;, DQ8908,890805a3405301,0.012,1,2021-11-08 09:05:00;, DQ8908,8908050501,0.051,1,2021-11-08 09:05:00;, DQ8908,890805a2105001,0.018,1,2021-11-08 09:05:00;, DQ8908,890805a3405001,0.013,1,2021-11-08 09:05:00;]
2021-11-08 09:57:47.507 [nioEventLoopGroup-5-1] DEBUG com.example.netty.netty.NettyApplication - [Ljava.lang.String;@25eb96ad
2021-11-08 09:58:04.196 [nioEventLoopGroup-5-1] INFO  com.example.netty.netty.NettyApplication - 新环保局(杨行)空气站上传31服务器数据:
2021-11-08 09:58:04.196 [nioEventLoopGroup-5-1] DEBUG com.example.netty.netty.NettyApplication - {"dataList":[{"val":"0.5","dataTime":"2021-11-08 09:05:00","tagId":2041,"state":"1","nodeId":40003,"oPState":3},{"val":"259.194","dataTime":"2021-11-08 09:05:00","tagId":2045,"state":"1","nodeId":40003,"oPState":3},{"val":"0.016","dataTime":"2021-11-08 09:05:00","tagId":2038,"state":"1","nodeId":40003,"oPState":3},{"val":"2.799","dataTime":"2021-11-08 09:05:00","tagId":2046,"state":"1","nodeId":40003,"oPState":3},{"val":"0.006","dataTime":"2021-11-08 09:05:00","tagId":2040,"state":"1","nodeId":40003,"oPState":3},{"val":"1028.195","dataTime":"2021-11-08 09:05:00","tagId":2049,"state":"1","nodeId":40003,"oPState":3},{"val":"0.026","dataTime":"2021-11-08 09:05:00","tagId":2039,"state":"1","nodeId":40003,"oPState":3},{"val":"0.027","dataTime":"2021-11-08 09:05:00","tagId":2043,"state":"1","nodeId":40003,"oPState":3},{"val":"0.007","dataTime":"2021-11-08 09:05:00","tagId":2037,"state":"1","nodeId":40003,"oPState":3},{"val":"58.309","dataTime":"2021-11-08 09:05:00","tagId":2048,"state":"1","nodeId":40003,"oPState":3},{"val":"5.982","dataTime":"2021-11-08 09:05:00","tagId":2047,"state":"1","nodeId":40003,"oPState":3},{"val":"0.051","dataTime":"2021-11-08 09:05:00","tagId":2042,"state":"1","nodeId":40003,"oPState":3}]}
2021-11-08 10:00:46.824 [nioEventLoopGroup-5-3] INFO  com.example.netty.netty.NettyApplication - ID：75
2021-11-08 10:00:46.824 [nioEventLoopGroup-5-3] INFO  com.example.netty.netty.NettyApplication - 客户端发送: ##1053QN=20211108100002265;ST=22;CN=2082;MN=31011300010128;CP=&&DataTime=20211108095500;DATState=2;a01001-Avg=7.1672,a01001-Flag=N;a01070-Avg=7.1672,a01070-Flag=N;a01074-Avg=57.2664,a01074-Flag=N;a01002-Avg=57.2664,a01002-Flag=N;a01006-Avg=1026.574,a01006-Flag=N;a01072-Avg=1026.828,a01072-Flag=N;a34085-Avg=0.01794,a34085-Flag=N;a34053-Avg=0.01338,a34053-Flag=N;a34054-Avg=-0.00434,a34054-Flag=N;a34050-Avg=0.01772,a34050-Flag=N;a01071-Avg=7.22475,a01071-Flag=D;a01075-Avg=59.16525,a01075-Flag=D;a01073-Avg=1004.384,a01073-Flag=D;a34084-Avg=0.03731,a34084-Flag=N;a34002-Avg=0.03603,a34002-Flag=N;a21049-Avg=0.00708,a21049-Flag=N;a21050-Avg=0.01386,a21050-Flag=N;a21051-Avg=0.02479,a21051-Flag=N;a21003-Avg=0.00648,a21003-Flag=N;a21004-Avg=0.0127,a21004-Flag=N;a21002-Avg=0.02271,a21002-Flag=N;a21048-Avg=0.00683,a21048-Flag=N;a21026-Avg=0.00626,a21026-Flag=N;a21052-Avg=0.80128,a21052-Flag=N;a21005-Avg=0.73406,a21005-Flag=N;a05025-Avg=0.06123,a05025-Flag=N;a05024-Avg=0.0561,a05024-Flag=N;a01007-Avg=5.38909,a01007-Flag=N;a01008-Avg=256.4841,a01008-Flag=N&&6480
2021-11-08 10:00:46.830 [nioEventLoopGroup-5-3] INFO  com.example.netty.netty.NettyApplication - 发送应答报文:##0041ST=91;CN=2082;CP=&&QN=20211108100002265&&42C2成功!
2021-11-08 10:00:46.831 [nioEventLoopGroup-5-3] INFO  com.example.netty.netty.NettyApplication - 发送应答报文:##0041ST=91;CN=2082;CP=&&QN=20211108100002265&&42C2成功!
2021-11-08 10:00:46.831 [nioEventLoopGroup-5-3] INFO  com.example.netty.netty.NettyApplication - 上传31服务器-数据中心的数据:[DQ5327,5327052001,0.7,1,2021-11-08 09:55:00;, DQ5327,5327050901,256.484,1,2021-11-08 09:55:00;, DQ5327,5327050301,0.013,1,2021-11-08 09:55:00;, DQ5327,5327051001,5.389,1,2021-11-08 09:55:00;, DQ5327,5327050201,0.006,1,2021-11-08 09:55:00;, DQ5327,5327050401,0.023,1,2021-11-08 09:55:00;, DQ5327,5327051301,1026.574,1,2021-11-08 09:55:00;, DQ5327,5327050701,0.006,1,2021-11-08 09:55:00;, DQ5327,5327051501,0.036,1,2021-11-08 09:55:00;, DQ5327,5327051201,57.266,1,2021-11-08 09:55:00;, DQ5327,5327051101,7.167,1,2021-11-08 09:55:00;, DQ5327,532705a3408501,0.018,1,2021-11-08 09:55:00;, DQ5327,5327050501,0.056,1,2021-11-08 09:55:00;, DQ5327,532705a2105001,0.014,1,2021-11-08 09:55:00;, DQ5327,532705a3405301,0.013,1,2021-11-08 09:55:00;, DQ5327,532705a3405001,0.018,1,2021-11-08 09:55:00;]
2021-11-08 10:00:46.831 [nioEventLoopGroup-5-3] DEBUG com.example.netty.netty.NettyApplication - [Ljava.lang.String;@1feef3e9
2021-11-08 10:00:47.364 [nioEventLoopGroup-5-3] INFO  com.example.netty.netty.NettyApplication - 罗店空气子站上传31服务器数据:
2021-11-08 10:00:47.365 [nioEventLoopGroup-5-3] DEBUG com.example.netty.netty.NettyApplication - {"dataList":[{"val":"0.7","dataTime":"2021-11-08 09:55:00","tagId":1360,"state":"1","nodeId":40008,"oPState":3},{"val":"256.484","dataTime":"2021-11-08 09:55:00","tagId":1367,"state":"1","nodeId":40008,"oPState":3},{"val":"0.013","dataTime":"2021-11-08 09:55:00","tagId":1364,"state":"1","nodeId":40008,"oPState":3},{"val":"5.389","dataTime":"2021-11-08 09:55:00","tagId":1368,"state":"1","nodeId":40008,"oPState":3},{"val":"0.006","dataTime":"2021-11-08 09:55:00","tagId":1362,"state":"1","nodeId":40008,"oPState":3},{"val":"0.023","dataTime":"2021-11-08 09:55:00","tagId":1363,"state":"1","nodeId":40008,"oPState":3},{"val":"1026.574","dataTime":"2021-11-08 09:55:00","tagId":1371,"state":"1","nodeId":40008,"oPState":3},{"val":"0.006","dataTime":"2021-11-08 09:55:00","tagId":1361,"state":"1","nodeId":40008,"oPState":3},{"val":"0.036","dataTime":"2021-11-08 09:55:00","tagId":1366,"state":"1","nodeId":40008,"oPState":3},{"val":"57.266","dataTime":"2021-11-08 09:55:00","tagId":1370,"state":"1","nodeId":40008,"oPState":3},{"val":"7.167","dataTime":"2021-11-08 09:55:00","tagId":1369,"state":"1","nodeId":40008,"oPState":3},{"val":"0.056","dataTime":"2021-11-08 09:55:00","tagId":1365,"state":"1","nodeId":40008,"oPState":3}]}
2021-11-08 10:21:30.280 [main] INFO  com.example.netty.netty.NettyApplication - Starting NettyApplication using Java 1.8.0_291 on DESKTOP-RM4JGV6 with PID 17204 (D:\baoxin\project\930nety\nettySoket\target\classes started by RunWsh in D:\baoxin\project\930nety\nettySoket)
2021-11-08 10:21:30.280 [main] DEBUG com.example.netty.netty.NettyApplication - Running with Spring Boot v2.4.4, Spring v5.3.5
2021-11-08 10:21:30.281 [main] INFO  com.example.netty.netty.NettyApplication - The following profiles are active: prd
2021-11-08 10:21:31.730 [main] WARN  org.thymeleaf.templatemode.TemplateMode - [THYMELEAF][main] Template Mode 'HTML5' is deprecated. Using Template Mode 'HTML' instead.
2021-11-08 10:21:31.859 [main] INFO  com.example.netty.netty.NettyApplication - Started NettyApplication in 1.971 seconds (JVM running for 2.633)
2021-11-08 10:21:31.861 [main] DEBUG com.example.netty.netty.NettyApplication - debug Log!!!!!!
2021-11-08 10:21:31.861 [main] INFO  com.example.netty.netty.NettyApplication - info Log!!!!!!
2021-11-08 10:21:31.861 [main] WARN  com.example.netty.netty.NettyApplication - warn Log!!!!!!
2021-11-08 10:21:31.861 [main] ERROR com.example.netty.netty.NettyApplication - error Log!!!!!!
2021-11-08 10:21:56.324 [main] INFO  com.example.netty.netty.NettyApplication - Starting NettyApplication using Java 1.8.0_291 on DESKTOP-RM4JGV6 with PID 15156 (D:\baoxin\project\930nety\nettySoket\target\classes started by RunWsh in D:\baoxin\project\930nety\nettySoket)
2021-11-08 10:21:56.325 [main] DEBUG com.example.netty.netty.NettyApplication - Running with Spring Boot v2.4.4, Spring v5.3.5
2021-11-08 10:21:56.325 [main] INFO  com.example.netty.netty.NettyApplication - The following profiles are active: prd
2021-11-08 10:21:57.723 [main] WARN  org.thymeleaf.templatemode.TemplateMode - [THYMELEAF][main] Template Mode 'HTML5' is deprecated. Using Template Mode 'HTML' instead.
2021-11-08 10:21:57.848 [main] INFO  com.example.netty.netty.NettyApplication - Started NettyApplication in 2.213 seconds (JVM running for 3.263)
2021-11-08 10:21:57.849 [main] DEBUG com.example.netty.netty.NettyApplication - debug Log!!!!!!
2021-11-08 10:21:57.850 [main] INFO  com.example.netty.netty.NettyApplication - info Log!!!!!!
2021-11-08 10:21:57.850 [main] WARN  com.example.netty.netty.NettyApplication - warn Log!!!!!!
2021-11-08 10:21:57.850 [main] ERROR com.example.netty.netty.NettyApplication - error Log!!!!!!
2021-11-08 10:22:28.341 [nioEventLoopGroup-5-1] INFO  com.example.netty.netty.NettyApplication - ID：68
2021-11-08 10:22:28.342 [nioEventLoopGroup-5-1] INFO  com.example.netty.netty.NettyApplication - 客户端发送: ##1050QN=20211108101502596;ST=22;CN=2082;MN=31011300010128;CP=&&DataTime=20211108101000;DATState=2;a01001-Avg=7.2542,a01001-Flag=N;a01070-Avg=7.2542,a01070-Flag=N;a01074-Avg=56.9776,a01074-Flag=N;a01002-Avg=56.9776,a01002-Flag=N;a01006-Avg=1027.385,a01006-Flag=N;a01072-Avg=1027.638,a01072-Flag=N;a34085-Avg=0.01736,a34085-Flag=N;a34053-Avg=0.01312,a34053-Flag=N;a34054-Avg=-0.004,a34054-Flag=N;a34050-Avg=0.01715,a34050-Flag=N;a01071-Avg=7.31575,a01071-Flag=D;a01075-Avg=59.1305,a01075-Flag=D;a01073-Avg=1003.725,a01073-Flag=N;a34084-Avg=0.03576,a34084-Flag=N;a34002-Avg=0.0345,a34002-Flag=N;a21049-Avg=0.00734,a21049-Flag=N;a21050-Avg=0.01381,a21050-Flag=N;a21051-Avg=0.0252,a21051-Flag=N;a21003-Avg=0.00673,a21003-Flag=N;a21004-Avg=0.01265,a21004-Flag=N;a21002-Avg=0.02309,a21002-Flag=N;a21048-Avg=0.00735,a21048-Flag=N;a21026-Avg=0.00673,a21026-Flag=N;a21052-Avg=0.76326,a21052-Flag=N;a21005-Avg=0.69923,a21005-Flag=N;a05025-Avg=0.06198,a05025-Flag=N;a05024-Avg=0.05678,a05024-Flag=N;a01007-Avg=4.70319,a01007-Flag=N;a01008-Avg=243.0979,a01008-Flag=N&&2F80
2021-11-08 10:22:28.358 [nioEventLoopGroup-5-1] INFO  com.example.netty.netty.NettyApplication - 发送应答报文:##0041ST=91;CN=2082;CP=&&QN=20211108101502596&&C9B9成功!
2021-11-08 10:22:28.358 [nioEventLoopGroup-5-1] INFO  com.example.netty.netty.NettyApplication - 发送应答报文:##0041ST=91;CN=2082;CP=&&QN=20211108101502596&&C9B9成功!
2021-11-08 10:22:28.358 [nioEventLoopGroup-5-1] INFO  com.example.netty.netty.NettyApplication - 上传31服务器-数据中心的数据:[DQ5327,5327052001,0.7,1,2021-11-08 10:10:00;, DQ5327,5327050901,243.098,1,2021-11-08 10:10:00;, DQ5327,5327050301,0.013,1,2021-11-08 10:10:00;, DQ5327,5327051001,4.703,1,2021-11-08 10:10:00;, DQ5327,5327050201,0.007,1,2021-11-08 10:10:00;, DQ5327,5327050401,0.023,1,2021-11-08 10:10:00;, DQ5327,5327051301,1027.385,1,2021-11-08 10:10:00;, DQ5327,5327050701,0.007,1,2021-11-08 10:10:00;, DQ5327,5327051501,0.035,1,2021-11-08 10:10:00;, DQ5327,5327051201,56.978,1,2021-11-08 10:10:00;, DQ5327,5327051101,7.254,1,2021-11-08 10:10:00;, DQ5327,532705a3408501,0.017,1,2021-11-08 10:10:00;, DQ5327,5327050501,0.057,1,2021-11-08 10:10:00;, DQ5327,532705a2105001,0.014,1,2021-11-08 10:10:00;, DQ5327,532705a3405301,0.013,1,2021-11-08 10:10:00;, DQ5327,5327050801,0.017,1,2021-11-08 10:10:00;]
2021-11-08 10:22:28.358 [nioEventLoopGroup-5-1] DEBUG com.example.netty.netty.NettyApplication - [Ljava.lang.String;@47e4c2a8
2021-11-08 10:22:45.139 [nioEventLoopGroup-5-1] INFO  com.example.netty.netty.NettyApplication - 罗店空气子站上传31服务器数据:
2021-11-08 10:22:45.140 [nioEventLoopGroup-5-1] DEBUG com.example.netty.netty.NettyApplication - {"dataList":[{"val":"0.7","dataTime":"2021-11-08 10:10:00","tagId":1360,"state":"1","nodeId":40008,"oPState":3},{"val":"243.098","dataTime":"2021-11-08 10:10:00","tagId":1367,"state":"1","nodeId":40008,"oPState":3},{"val":"0.013","dataTime":"2021-11-08 10:10:00","tagId":1364,"state":"1","nodeId":40008,"oPState":3},{"val":"4.703","dataTime":"2021-11-08 10:10:00","tagId":1368,"state":"1","nodeId":40008,"oPState":3},{"val":"0.007","dataTime":"2021-11-08 10:10:00","tagId":1362,"state":"1","nodeId":40008,"oPState":3},{"val":"0.023","dataTime":"2021-11-08 10:10:00","tagId":1363,"state":"1","nodeId":40008,"oPState":3},{"val":"1027.385","dataTime":"2021-11-08 10:10:00","tagId":1371,"state":"1","nodeId":40008,"oPState":3},{"val":"0.007","dataTime":"2021-11-08 10:10:00","tagId":1361,"state":"1","nodeId":40008,"oPState":3},{"val":"0.035","dataTime":"2021-11-08 10:10:00","tagId":1366,"state":"1","nodeId":40008,"oPState":3},{"val":"56.978","dataTime":"2021-11-08 10:10:00","tagId":1370,"state":"1","nodeId":40008,"oPState":3},{"val":"7.254","dataTime":"2021-11-08 10:10:00","tagId":1369,"state":"1","nodeId":40008,"oPState":3},{"val":"0.057","dataTime":"2021-11-08 10:10:00","tagId":1365,"state":"1","nodeId":40008,"oPState":3},{"val":"0.017","dataTime":"2021-11-08 10:10:00","tagId":1379,"state":"1","nodeId":40008,"oPState":3}]}
